20 Mar 2018 14:00:56,719 INFO  [lifecycleSupervisor-1-0] (org.apache.flume.node.PollingPropertiesFileConfigurationProvider.start:62)  - Configuration provider starting
20 Mar 2018 14:00:56,794 INFO  [conf-file-poller-0] (org.apache.flume.node.PollingPropertiesFileConfigurationProvider$FileWatcherRunnable.run:134)  - Reloading configuration file:tier1.properties
20 Mar 2018 14:00:56,819 INFO  [conf-file-poller-0] (org.apache.flume.conf.FlumeConfiguration$AgentConfiguration.addProperty:1016)  - Processing:k2
20 Mar 2018 14:00:56,819 INFO  [conf-file-poller-0] (org.apache.flume.conf.FlumeConfiguration$AgentConfiguration.addProperty:1016)  - Processing:k2
20 Mar 2018 14:00:56,820 INFO  [conf-file-poller-0] (org.apache.flume.conf.FlumeConfiguration$AgentConfiguration.addProperty:1016)  - Processing:k1
20 Mar 2018 14:00:56,821 INFO  [conf-file-poller-0] (org.apache.flume.conf.FlumeConfiguration$AgentConfiguration.addProperty:1016)  - Processing:k2
20 Mar 2018 14:00:56,821 INFO  [conf-file-poller-0] (org.apache.flume.conf.FlumeConfiguration$AgentConfiguration.addProperty:1016)  - Processing:k1
20 Mar 2018 14:00:56,822 INFO  [conf-file-poller-0] (org.apache.flume.conf.FlumeConfiguration$AgentConfiguration.addProperty:930)  - Added sinks: k1 k2 Agent: a1
20 Mar 2018 14:00:56,822 INFO  [conf-file-poller-0] (org.apache.flume.conf.FlumeConfiguration$AgentConfiguration.addProperty:1016)  - Processing:k1
20 Mar 2018 14:00:56,823 INFO  [conf-file-poller-0] (org.apache.flume.conf.FlumeConfiguration$AgentConfiguration.addProperty:1016)  - Processing:k1
20 Mar 2018 14:00:56,823 INFO  [conf-file-poller-0] (org.apache.flume.conf.FlumeConfiguration$AgentConfiguration.addProperty:1016)  - Processing:k2
20 Mar 2018 14:00:56,824 INFO  [conf-file-poller-0] (org.apache.flume.conf.FlumeConfiguration$AgentConfiguration.addProperty:1016)  - Processing:k1
20 Mar 2018 14:00:56,824 INFO  [conf-file-poller-0] (org.apache.flume.conf.FlumeConfiguration$AgentConfiguration.addProperty:1016)  - Processing:k1
20 Mar 2018 14:00:56,825 INFO  [conf-file-poller-0] (org.apache.flume.conf.FlumeConfiguration$AgentConfiguration.addProperty:1016)  - Processing:k2
20 Mar 2018 14:00:56,825 INFO  [conf-file-poller-0] (org.apache.flume.conf.FlumeConfiguration$AgentConfiguration.addProperty:1016)  - Processing:k1
20 Mar 2018 14:00:56,826 INFO  [conf-file-poller-0] (org.apache.flume.conf.FlumeConfiguration$AgentConfiguration.addProperty:1016)  - Processing:k2
20 Mar 2018 14:00:56,856 INFO  [conf-file-poller-0] (org.apache.flume.conf.FlumeConfiguration.validateConfiguration:140)  - Post-validation flume configuration contains configuration for agents: [a1]
20 Mar 2018 14:00:56,856 INFO  [conf-file-poller-0] (org.apache.flume.node.AbstractConfigurationProvider.loadChannels:147)  - Creating channels
20 Mar 2018 14:00:56,870 INFO  [conf-file-poller-0] (org.apache.flume.channel.DefaultChannelFactory.create:42)  - Creating instance of channel c1 type memory
20 Mar 2018 14:00:56,880 INFO  [conf-file-poller-0] (org.apache.flume.node.AbstractConfigurationProvider.loadChannels:201)  - Created channel c1
20 Mar 2018 14:00:56,883 INFO  [conf-file-poller-0] (org.apache.flume.source.DefaultSourceFactory.create:41)  - Creating instance of source r1, type syslogudp
20 Mar 2018 14:00:56,917 INFO  [conf-file-poller-0] (org.apache.flume.sink.DefaultSinkFactory.create:42)  - Creating instance of sink: k1, type: avro
20 Mar 2018 14:00:56,943 INFO  [conf-file-poller-0] (org.apache.flume.sink.DefaultSinkFactory.create:42)  - Creating instance of sink: k2, type: avro
20 Mar 2018 14:00:56,947 INFO  [conf-file-poller-0] (org.apache.flume.node.AbstractConfigurationProvider.getConfiguration:116)  - Channel c1 connected to [r1, k1, k2]
20 Mar 2018 14:00:56,962 INFO  [conf-file-poller-0] (org.apache.flume.node.Application.startAllComponents:137)  - Starting new configuration:{ sourceRunners:{r1=EventDrivenSourceRunner: { source:org.apache.flume.source.SyslogUDPSource{name:r1,state:IDLE} }} sinkRunners:{k1=SinkRunner: { policy:org.apache.flume.sink.DefaultSinkProcessor@172d6eef counterGroup:{ name:null counters:{} } }, k2=SinkRunner: { policy:org.apache.flume.sink.DefaultSinkProcessor@dd00e8a counterGroup:{ name:null counters:{} } }} channels:{c1=org.apache.flume.channel.MemoryChannel{name: c1}} }
20 Mar 2018 14:00:56,964 INFO  [conf-file-poller-0] (org.apache.flume.node.Application.startAllComponents:144)  - Starting Channel c1
20 Mar 2018 14:00:57,096 INFO  [lifecycleSupervisor-1-0] (org.apache.flume.instrumentation.MonitoredCounterGroup.register:119)  - Monitored counter group for type: CHANNEL, name: c1: Successfully registered new MBean.
20 Mar 2018 14:00:57,098 INFO  [lifecycleSupervisor-1-0] (org.apache.flume.instrumentation.MonitoredCounterGroup.start:95)  - Component type: CHANNEL, name: c1 started
20 Mar 2018 14:00:57,099 INFO  [conf-file-poller-0] (org.apache.flume.node.Application.startAllComponents:171)  - Starting Sink k1
20 Mar 2018 14:00:57,100 INFO  [lifecycleSupervisor-1-1] (org.apache.flume.sink.AbstractRpcSink.start:287)  - Starting RpcSink k1 { host: flume-tier2-1, port: 2018 }...
20 Mar 2018 14:00:57,101 INFO  [conf-file-poller-0] (org.apache.flume.node.Application.startAllComponents:171)  - Starting Sink k2
20 Mar 2018 14:00:57,102 INFO  [lifecycleSupervisor-1-1] (org.apache.flume.instrumentation.MonitoredCounterGroup.register:119)  - Monitored counter group for type: SINK, name: k1: Successfully registered new MBean.
20 Mar 2018 14:00:57,103 INFO  [lifecycleSupervisor-1-1] (org.apache.flume.instrumentation.MonitoredCounterGroup.start:95)  - Component type: SINK, name: k1 started
20 Mar 2018 14:00:57,103 INFO  [conf-file-poller-0] (org.apache.flume.node.Application.startAllComponents:182)  - Starting Source r1
20 Mar 2018 14:00:57,103 INFO  [lifecycleSupervisor-1-1] (org.apache.flume.sink.AbstractRpcSink.createConnection:205)  - Rpc sink k1: Building RpcClient with hostname: flume-tier2-1, port: 2018
20 Mar 2018 14:00:57,103 INFO  [lifecycleSupervisor-1-0] (org.apache.flume.sink.AbstractRpcSink.start:287)  - Starting RpcSink k2 { host: flume-tier2-2, port: 2018 }...
20 Mar 2018 14:00:57,105 INFO  [lifecycleSupervisor-1-0] (org.apache.flume.instrumentation.MonitoredCounterGroup.register:119)  - Monitored counter group for type: SINK, name: k2: Successfully registered new MBean.
20 Mar 2018 14:00:57,106 INFO  [lifecycleSupervisor-1-0] (org.apache.flume.instrumentation.MonitoredCounterGroup.start:95)  - Component type: SINK, name: k2 started
20 Mar 2018 14:00:57,107 INFO  [lifecycleSupervisor-1-0] (org.apache.flume.sink.AbstractRpcSink.createConnection:205)  - Rpc sink k2: Building RpcClient with hostname: flume-tier2-2, port: 2018
20 Mar 2018 14:00:57,107 INFO  [lifecycleSupervisor-1-0] (org.apache.flume.sink.AvroSink.initializeRpcClient:126)  - Attempting to create Avro Rpc client.
20 Mar 2018 14:00:57,108 INFO  [lifecycleSupervisor-1-1] (org.apache.flume.sink.AvroSink.initializeRpcClient:126)  - Attempting to create Avro Rpc client.
20 Mar 2018 14:00:57,150 WARN  [lifecycleSupervisor-1-1] (org.apache.flume.api.NettyAvroRpcClient.configure:634)  - Using default maxIOWorkers
20 Mar 2018 14:00:57,153 WARN  [lifecycleSupervisor-1-0] (org.apache.flume.api.NettyAvroRpcClient.configure:634)  - Using default maxIOWorkers
20 Mar 2018 14:00:57,226 INFO  [lifecycleSupervisor-1-2] (org.apache.flume.instrumentation.MonitoredCounterGroup.register:119)  - Monitored counter group for type: SOURCE, name: r1: Successfully registered new MBean.
20 Mar 2018 14:00:57,227 INFO  [lifecycleSupervisor-1-2] (org.apache.flume.instrumentation.MonitoredCounterGroup.start:95)  - Component type: SOURCE, name: r1 started
20 Mar 2018 14:00:57,480 WARN  [lifecycleSupervisor-1-0] (org.apache.flume.sink.AbstractRpcSink.start:292)  - Unable to create Rpc client using hostname: flume-tier2-2, port: 2018
org.apache.flume.FlumeException: NettyAvroRpcClient { host: flume-tier2-2, port: 2018 }: RPC connection error
	at org.apache.flume.api.NettyAvroRpcClient.connect(NettyAvroRpcClient.java:181)
	at org.apache.flume.api.NettyAvroRpcClient.connect(NettyAvroRpcClient.java:120)
	at org.apache.flume.api.NettyAvroRpcClient.configure(NettyAvroRpcClient.java:638)
	at org.apache.flume.api.RpcClientFactory.getInstance(RpcClientFactory.java:90)
	at org.apache.flume.sink.AvroSink.initializeRpcClient(AvroSink.java:127)
	at org.apache.flume.sink.AbstractRpcSink.createConnection(AbstractRpcSink.java:210)
	at org.apache.flume.sink.AbstractRpcSink.start(AbstractRpcSink.java:290)
	at org.apache.flume.sink.DefaultSinkProcessor.start(DefaultSinkProcessor.java:45)
	at org.apache.flume.SinkRunner.start(SinkRunner.java:79)
	at org.apache.flume.lifecycle.LifecycleSupervisor$MonitorRunnable.run(LifecycleSupervisor.java:249)
	at java.util.concurrent.Executors$RunnableAdapter.call(Executors.java:511)
	at java.util.concurrent.FutureTask.runAndReset(FutureTask.java:308)
	at java.util.concurrent.ScheduledThreadPoolExecutor$ScheduledFutureTask.access$301(ScheduledThreadPoolExecutor.java:180)
	at java.util.concurrent.ScheduledThreadPoolExecutor$ScheduledFutureTask.run(ScheduledThreadPoolExecutor.java:294)
	at java.util.concurrent.ThreadPoolExecutor.runWorker(ThreadPoolExecutor.java:1142)
	at java.util.concurrent.ThreadPoolExecutor$Worker.run(ThreadPoolExecutor.java:617)
	at java.lang.Thread.run(Thread.java:745)
Caused by: java.io.IOException: Error connecting to flume-tier2-2/172.88.0.9:2018
	at org.apache.avro.ipc.NettyTransceiver.getChannel(NettyTransceiver.java:261)
	at org.apache.avro.ipc.NettyTransceiver.<init>(NettyTransceiver.java:203)
	at org.apache.avro.ipc.NettyTransceiver.<init>(NettyTransceiver.java:152)
	at org.apache.flume.api.NettyAvroRpcClient.connect(NettyAvroRpcClient.java:169)
	... 16 more
Caused by: java.net.ConnectException: Connection refused: flume-tier2-2/172.88.0.9:2018
	at sun.nio.ch.SocketChannelImpl.checkConnect(Native Method)
	at sun.nio.ch.SocketChannelImpl.finishConnect(SocketChannelImpl.java:717)
	at org.jboss.netty.channel.socket.nio.NioClientBoss.connect(NioClientBoss.java:152)
	at org.jboss.netty.channel.socket.nio.NioClientBoss.processSelectedKeys(NioClientBoss.java:105)
	at org.jboss.netty.channel.socket.nio.NioClientBoss.process(NioClientBoss.java:79)
	at org.jboss.netty.channel.socket.nio.AbstractNioSelector.run(AbstractNioSelector.java:318)
	at org.jboss.netty.channel.socket.nio.NioClientBoss.run(NioClientBoss.java:42)
	at org.jboss.netty.util.ThreadRenamingRunnable.run(ThreadRenamingRunnable.java:108)
	at org.jboss.netty.util.internal.DeadLockProofWorker$1.run(DeadLockProofWorker.java:42)
	... 3 more
20 Mar 2018 14:00:57,484 WARN  [lifecycleSupervisor-1-1] (org.apache.flume.sink.AbstractRpcSink.start:292)  - Unable to create Rpc client using hostname: flume-tier2-1, port: 2018
org.apache.flume.FlumeException: NettyAvroRpcClient { host: flume-tier2-1, port: 2018 }: RPC connection error
	at org.apache.flume.api.NettyAvroRpcClient.connect(NettyAvroRpcClient.java:181)
	at org.apache.flume.api.NettyAvroRpcClient.connect(NettyAvroRpcClient.java:120)
	at org.apache.flume.api.NettyAvroRpcClient.configure(NettyAvroRpcClient.java:638)
	at org.apache.flume.api.RpcClientFactory.getInstance(RpcClientFactory.java:90)
	at org.apache.flume.sink.AvroSink.initializeRpcClient(AvroSink.java:127)
	at org.apache.flume.sink.AbstractRpcSink.createConnection(AbstractRpcSink.java:210)
	at org.apache.flume.sink.AbstractRpcSink.start(AbstractRpcSink.java:290)
	at org.apache.flume.sink.DefaultSinkProcessor.start(DefaultSinkProcessor.java:45)
	at org.apache.flume.SinkRunner.start(SinkRunner.java:79)
	at org.apache.flume.lifecycle.LifecycleSupervisor$MonitorRunnable.run(LifecycleSupervisor.java:249)
	at java.util.concurrent.Executors$RunnableAdapter.call(Executors.java:511)
	at java.util.concurrent.FutureTask.runAndReset(FutureTask.java:308)
	at java.util.concurrent.ScheduledThreadPoolExecutor$ScheduledFutureTask.access$301(ScheduledThreadPoolExecutor.java:180)
	at java.util.concurrent.ScheduledThreadPoolExecutor$ScheduledFutureTask.run(ScheduledThreadPoolExecutor.java:294)
	at java.util.concurrent.ThreadPoolExecutor.runWorker(ThreadPoolExecutor.java:1142)
	at java.util.concurrent.ThreadPoolExecutor$Worker.run(ThreadPoolExecutor.java:617)
	at java.lang.Thread.run(Thread.java:745)
Caused by: java.io.IOException: Error connecting to flume-tier2-1/172.88.0.8:2018
	at org.apache.avro.ipc.NettyTransceiver.getChannel(NettyTransceiver.java:261)
	at org.apache.avro.ipc.NettyTransceiver.<init>(NettyTransceiver.java:203)
	at org.apache.avro.ipc.NettyTransceiver.<init>(NettyTransceiver.java:152)
	at org.apache.flume.api.NettyAvroRpcClient.connect(NettyAvroRpcClient.java:169)
	... 16 more
Caused by: java.net.ConnectException: Connection refused: flume-tier2-1/172.88.0.8:2018
	at sun.nio.ch.SocketChannelImpl.checkConnect(Native Method)
	at sun.nio.ch.SocketChannelImpl.finishConnect(SocketChannelImpl.java:717)
	at org.jboss.netty.channel.socket.nio.NioClientBoss.connect(NioClientBoss.java:152)
	at org.jboss.netty.channel.socket.nio.NioClientBoss.processSelectedKeys(NioClientBoss.java:105)
	at org.jboss.netty.channel.socket.nio.NioClientBoss.process(NioClientBoss.java:79)
	at org.jboss.netty.channel.socket.nio.AbstractNioSelector.run(AbstractNioSelector.java:318)
	at org.jboss.netty.channel.socket.nio.NioClientBoss.run(NioClientBoss.java:42)
	at org.jboss.netty.util.ThreadRenamingRunnable.run(ThreadRenamingRunnable.java:108)
	at org.jboss.netty.util.internal.DeadLockProofWorker$1.run(DeadLockProofWorker.java:42)
	... 3 more
20 Mar 2018 14:00:57,552 INFO  [lifecycleSupervisor-1-0] (org.apache.flume.sink.AbstractRpcSink.start:301)  - Rpc sink k2 started.
20 Mar 2018 14:00:57,557 INFO  [lifecycleSupervisor-1-1] (org.apache.flume.sink.AbstractRpcSink.start:301)  - Rpc sink k1 started.
20 Mar 2018 14:00:57,564 INFO  [SinkRunner-PollingRunner-DefaultSinkProcessor] (org.apache.flume.sink.AbstractRpcSink.createConnection:205)  - Rpc sink k1: Building RpcClient with hostname: flume-tier2-1, port: 2018
20 Mar 2018 14:00:57,565 INFO  [SinkRunner-PollingRunner-DefaultSinkProcessor] (org.apache.flume.sink.AvroSink.initializeRpcClient:126)  - Attempting to create Avro Rpc client.
20 Mar 2018 14:00:57,566 WARN  [SinkRunner-PollingRunner-DefaultSinkProcessor] (org.apache.flume.api.NettyAvroRpcClient.configure:634)  - Using default maxIOWorkers
20 Mar 2018 14:00:57,566 INFO  [SinkRunner-PollingRunner-DefaultSinkProcessor] (org.apache.flume.sink.AbstractRpcSink.createConnection:205)  - Rpc sink k2: Building RpcClient with hostname: flume-tier2-2, port: 2018
20 Mar 2018 14:00:57,568 INFO  [SinkRunner-PollingRunner-DefaultSinkProcessor] (org.apache.flume.sink.AvroSink.initializeRpcClient:126)  - Attempting to create Avro Rpc client.
20 Mar 2018 14:00:57,569 WARN  [SinkRunner-PollingRunner-DefaultSinkProcessor] (org.apache.flume.api.NettyAvroRpcClient.configure:634)  - Using default maxIOWorkers
20 Mar 2018 14:00:57,599 ERROR [SinkRunner-PollingRunner-DefaultSinkProcessor] (org.apache.flume.SinkRunner$PollingRunner.run:158)  - Unable to deliver event. Exception follows.
org.apache.flume.EventDeliveryException: Failed to send events
	at org.apache.flume.sink.AbstractRpcSink.process(AbstractRpcSink.java:389)
	at org.apache.flume.sink.DefaultSinkProcessor.process(DefaultSinkProcessor.java:67)
	at org.apache.flume.SinkRunner$PollingRunner.run(SinkRunner.java:145)
	at java.lang.Thread.run(Thread.java:745)
Caused by: org.apache.flume.FlumeException: NettyAvroRpcClient { host: flume-tier2-1, port: 2018 }: RPC connection error
	at org.apache.flume.api.NettyAvroRpcClient.connect(NettyAvroRpcClient.java:181)
	at org.apache.flume.api.NettyAvroRpcClient.connect(NettyAvroRpcClient.java:120)
	at org.apache.flume.api.NettyAvroRpcClient.configure(NettyAvroRpcClient.java:638)
	at org.apache.flume.api.RpcClientFactory.getInstance(RpcClientFactory.java:90)
	at org.apache.flume.sink.AvroSink.initializeRpcClient(AvroSink.java:127)
	at org.apache.flume.sink.AbstractRpcSink.createConnection(AbstractRpcSink.java:210)
	at org.apache.flume.sink.AbstractRpcSink.verifyConnection(AbstractRpcSink.java:270)
	at org.apache.flume.sink.AbstractRpcSink.process(AbstractRpcSink.java:346)
	... 3 more
Caused by: java.io.IOException: Error connecting to flume-tier2-1/172.88.0.8:2018
	at org.apache.avro.ipc.NettyTransceiver.getChannel(NettyTransceiver.java:261)
	at org.apache.avro.ipc.NettyTransceiver.<init>(NettyTransceiver.java:203)
	at org.apache.avro.ipc.NettyTransceiver.<init>(NettyTransceiver.java:152)
	at org.apache.flume.api.NettyAvroRpcClient.connect(NettyAvroRpcClient.java:169)
	... 10 more
Caused by: java.net.ConnectException: Connection refused: flume-tier2-1/172.88.0.8:2018
	at sun.nio.ch.SocketChannelImpl.checkConnect(Native Method)
	at sun.nio.ch.SocketChannelImpl.finishConnect(SocketChannelImpl.java:717)
	at org.jboss.netty.channel.socket.nio.NioClientBoss.connect(NioClientBoss.java:152)
	at org.jboss.netty.channel.socket.nio.NioClientBoss.processSelectedKeys(NioClientBoss.java:105)
	at org.jboss.netty.channel.socket.nio.NioClientBoss.process(NioClientBoss.java:79)
	at org.jboss.netty.channel.socket.nio.AbstractNioSelector.run(AbstractNioSelector.java:318)
	at org.jboss.netty.channel.socket.nio.NioClientBoss.run(NioClientBoss.java:42)
	at org.jboss.netty.util.ThreadRenamingRunnable.run(ThreadRenamingRunnable.java:108)
	at org.jboss.netty.util.internal.DeadLockProofWorker$1.run(DeadLockProofWorker.java:42)
	at java.util.concurrent.ThreadPoolExecutor.runWorker(ThreadPoolExecutor.java:1142)
	at java.util.concurrent.ThreadPoolExecutor$Worker.run(ThreadPoolExecutor.java:617)
	... 1 more
20 Mar 2018 14:00:57,605 ERROR [SinkRunner-PollingRunner-DefaultSinkProcessor] (org.apache.flume.SinkRunner$PollingRunner.run:158)  - Unable to deliver event. Exception follows.
org.apache.flume.EventDeliveryException: Failed to send events
	at org.apache.flume.sink.AbstractRpcSink.process(AbstractRpcSink.java:389)
	at org.apache.flume.sink.DefaultSinkProcessor.process(DefaultSinkProcessor.java:67)
	at org.apache.flume.SinkRunner$PollingRunner.run(SinkRunner.java:145)
	at java.lang.Thread.run(Thread.java:745)
Caused by: org.apache.flume.FlumeException: NettyAvroRpcClient { host: flume-tier2-2, port: 2018 }: RPC connection error
	at org.apache.flume.api.NettyAvroRpcClient.connect(NettyAvroRpcClient.java:181)
	at org.apache.flume.api.NettyAvroRpcClient.connect(NettyAvroRpcClient.java:120)
	at org.apache.flume.api.NettyAvroRpcClient.configure(NettyAvroRpcClient.java:638)
	at org.apache.flume.api.RpcClientFactory.getInstance(RpcClientFactory.java:90)
	at org.apache.flume.sink.AvroSink.initializeRpcClient(AvroSink.java:127)
	at org.apache.flume.sink.AbstractRpcSink.createConnection(AbstractRpcSink.java:210)
	at org.apache.flume.sink.AbstractRpcSink.verifyConnection(AbstractRpcSink.java:270)
	at org.apache.flume.sink.AbstractRpcSink.process(AbstractRpcSink.java:346)
	... 3 more
Caused by: java.io.IOException: Error connecting to flume-tier2-2/172.88.0.9:2018
	at org.apache.avro.ipc.NettyTransceiver.getChannel(NettyTransceiver.java:261)
	at org.apache.avro.ipc.NettyTransceiver.<init>(NettyTransceiver.java:203)
	at org.apache.avro.ipc.NettyTransceiver.<init>(NettyTransceiver.java:152)
	at org.apache.flume.api.NettyAvroRpcClient.connect(NettyAvroRpcClient.java:169)
	... 10 more
Caused by: java.net.ConnectException: Connection refused: flume-tier2-2/172.88.0.9:2018
	at sun.nio.ch.SocketChannelImpl.checkConnect(Native Method)
	at sun.nio.ch.SocketChannelImpl.finishConnect(SocketChannelImpl.java:717)
	at org.jboss.netty.channel.socket.nio.NioClientBoss.connect(NioClientBoss.java:152)
	at org.jboss.netty.channel.socket.nio.NioClientBoss.processSelectedKeys(NioClientBoss.java:105)
	at org.jboss.netty.channel.socket.nio.NioClientBoss.process(NioClientBoss.java:79)
	at org.jboss.netty.channel.socket.nio.AbstractNioSelector.run(AbstractNioSelector.java:318)
	at org.jboss.netty.channel.socket.nio.NioClientBoss.run(NioClientBoss.java:42)
	at org.jboss.netty.util.ThreadRenamingRunnable.run(ThreadRenamingRunnable.java:108)
	at org.jboss.netty.util.internal.DeadLockProofWorker$1.run(DeadLockProofWorker.java:42)
	at java.util.concurrent.ThreadPoolExecutor.runWorker(ThreadPoolExecutor.java:1142)
	at java.util.concurrent.ThreadPoolExecutor$Worker.run(ThreadPoolExecutor.java:617)
	... 1 more
20 Mar 2018 14:01:02,604 INFO  [SinkRunner-PollingRunner-DefaultSinkProcessor] (org.apache.flume.sink.AbstractRpcSink.createConnection:205)  - Rpc sink k1: Building RpcClient with hostname: flume-tier2-1, port: 2018
20 Mar 2018 14:01:02,605 INFO  [SinkRunner-PollingRunner-DefaultSinkProcessor] (org.apache.flume.sink.AvroSink.initializeRpcClient:126)  - Attempting to create Avro Rpc client.
20 Mar 2018 14:01:02,607 WARN  [SinkRunner-PollingRunner-DefaultSinkProcessor] (org.apache.flume.api.NettyAvroRpcClient.configure:634)  - Using default maxIOWorkers
20 Mar 2018 14:01:02,607 INFO  [SinkRunner-PollingRunner-DefaultSinkProcessor] (org.apache.flume.sink.AbstractRpcSink.createConnection:205)  - Rpc sink k2: Building RpcClient with hostname: flume-tier2-2, port: 2018
20 Mar 2018 14:01:02,608 INFO  [SinkRunner-PollingRunner-DefaultSinkProcessor] (org.apache.flume.sink.AvroSink.initializeRpcClient:126)  - Attempting to create Avro Rpc client.
20 Mar 2018 14:01:02,615 WARN  [SinkRunner-PollingRunner-DefaultSinkProcessor] (org.apache.flume.api.NettyAvroRpcClient.configure:634)  - Using default maxIOWorkers
20 Mar 2018 14:01:02,659 ERROR [SinkRunner-PollingRunner-DefaultSinkProcessor] (org.apache.flume.SinkRunner$PollingRunner.run:158)  - Unable to deliver event. Exception follows.
org.apache.flume.EventDeliveryException: Failed to send events
	at org.apache.flume.sink.AbstractRpcSink.process(AbstractRpcSink.java:389)
	at org.apache.flume.sink.DefaultSinkProcessor.process(DefaultSinkProcessor.java:67)
	at org.apache.flume.SinkRunner$PollingRunner.run(SinkRunner.java:145)
	at java.lang.Thread.run(Thread.java:745)
Caused by: org.apache.flume.FlumeException: NettyAvroRpcClient { host: flume-tier2-1, port: 2018 }: RPC connection error
	at org.apache.flume.api.NettyAvroRpcClient.connect(NettyAvroRpcClient.java:181)
	at org.apache.flume.api.NettyAvroRpcClient.connect(NettyAvroRpcClient.java:120)
	at org.apache.flume.api.NettyAvroRpcClient.configure(NettyAvroRpcClient.java:638)
	at org.apache.flume.api.RpcClientFactory.getInstance(RpcClientFactory.java:90)
	at org.apache.flume.sink.AvroSink.initializeRpcClient(AvroSink.java:127)
	at org.apache.flume.sink.AbstractRpcSink.createConnection(AbstractRpcSink.java:210)
	at org.apache.flume.sink.AbstractRpcSink.verifyConnection(AbstractRpcSink.java:270)
	at org.apache.flume.sink.AbstractRpcSink.process(AbstractRpcSink.java:346)
	... 3 more
Caused by: java.io.IOException: Error connecting to flume-tier2-1/172.88.0.8:2018
	at org.apache.avro.ipc.NettyTransceiver.getChannel(NettyTransceiver.java:261)
	at org.apache.avro.ipc.NettyTransceiver.<init>(NettyTransceiver.java:203)
	at org.apache.avro.ipc.NettyTransceiver.<init>(NettyTransceiver.java:152)
	at org.apache.flume.api.NettyAvroRpcClient.connect(NettyAvroRpcClient.java:169)
	... 10 more
Caused by: java.net.ConnectException: Connection refused: flume-tier2-1/172.88.0.8:2018
	at sun.nio.ch.SocketChannelImpl.checkConnect(Native Method)
	at sun.nio.ch.SocketChannelImpl.finishConnect(SocketChannelImpl.java:717)
	at org.jboss.netty.channel.socket.nio.NioClientBoss.connect(NioClientBoss.java:152)
	at org.jboss.netty.channel.socket.nio.NioClientBoss.processSelectedKeys(NioClientBoss.java:105)
	at org.jboss.netty.channel.socket.nio.NioClientBoss.process(NioClientBoss.java:79)
	at org.jboss.netty.channel.socket.nio.AbstractNioSelector.run(AbstractNioSelector.java:318)
	at org.jboss.netty.channel.socket.nio.NioClientBoss.run(NioClientBoss.java:42)
	at org.jboss.netty.util.ThreadRenamingRunnable.run(ThreadRenamingRunnable.java:108)
	at org.jboss.netty.util.internal.DeadLockProofWorker$1.run(DeadLockProofWorker.java:42)
	at java.util.concurrent.ThreadPoolExecutor.runWorker(ThreadPoolExecutor.java:1142)
	at java.util.concurrent.ThreadPoolExecutor$Worker.run(ThreadPoolExecutor.java:617)
	... 1 more
20 Mar 2018 14:01:02,669 ERROR [SinkRunner-PollingRunner-DefaultSinkProcessor] (org.apache.flume.SinkRunner$PollingRunner.run:158)  - Unable to deliver event. Exception follows.
org.apache.flume.EventDeliveryException: Failed to send events
	at org.apache.flume.sink.AbstractRpcSink.process(AbstractRpcSink.java:389)
	at org.apache.flume.sink.DefaultSinkProcessor.process(DefaultSinkProcessor.java:67)
	at org.apache.flume.SinkRunner$PollingRunner.run(SinkRunner.java:145)
	at java.lang.Thread.run(Thread.java:745)
Caused by: org.apache.flume.FlumeException: NettyAvroRpcClient { host: flume-tier2-2, port: 2018 }: RPC connection error
	at org.apache.flume.api.NettyAvroRpcClient.connect(NettyAvroRpcClient.java:181)
	at org.apache.flume.api.NettyAvroRpcClient.connect(NettyAvroRpcClient.java:120)
	at org.apache.flume.api.NettyAvroRpcClient.configure(NettyAvroRpcClient.java:638)
	at org.apache.flume.api.RpcClientFactory.getInstance(RpcClientFactory.java:90)
	at org.apache.flume.sink.AvroSink.initializeRpcClient(AvroSink.java:127)
	at org.apache.flume.sink.AbstractRpcSink.createConnection(AbstractRpcSink.java:210)
	at org.apache.flume.sink.AbstractRpcSink.verifyConnection(AbstractRpcSink.java:270)
	at org.apache.flume.sink.AbstractRpcSink.process(AbstractRpcSink.java:346)
	... 3 more
Caused by: java.io.IOException: Error connecting to flume-tier2-2/172.88.0.9:2018
	at org.apache.avro.ipc.NettyTransceiver.getChannel(NettyTransceiver.java:261)
	at org.apache.avro.ipc.NettyTransceiver.<init>(NettyTransceiver.java:203)
	at org.apache.avro.ipc.NettyTransceiver.<init>(NettyTransceiver.java:152)
	at org.apache.flume.api.NettyAvroRpcClient.connect(NettyAvroRpcClient.java:169)
	... 10 more
Caused by: java.net.ConnectException: Connection refused: flume-tier2-2/172.88.0.9:2018
	at sun.nio.ch.SocketChannelImpl.checkConnect(Native Method)
	at sun.nio.ch.SocketChannelImpl.finishConnect(SocketChannelImpl.java:717)
	at org.jboss.netty.channel.socket.nio.NioClientBoss.connect(NioClientBoss.java:152)
	at org.jboss.netty.channel.socket.nio.NioClientBoss.processSelectedKeys(NioClientBoss.java:105)
	at org.jboss.netty.channel.socket.nio.NioClientBoss.process(NioClientBoss.java:79)
	at org.jboss.netty.channel.socket.nio.AbstractNioSelector.run(AbstractNioSelector.java:318)
	at org.jboss.netty.channel.socket.nio.NioClientBoss.run(NioClientBoss.java:42)
	at org.jboss.netty.util.ThreadRenamingRunnable.run(ThreadRenamingRunnable.java:108)
	at org.jboss.netty.util.internal.DeadLockProofWorker$1.run(DeadLockProofWorker.java:42)
	at java.util.concurrent.ThreadPoolExecutor.runWorker(ThreadPoolExecutor.java:1142)
	at java.util.concurrent.ThreadPoolExecutor$Worker.run(ThreadPoolExecutor.java:617)
	... 1 more
20 Mar 2018 14:01:07,667 INFO  [SinkRunner-PollingRunner-DefaultSinkProcessor] (org.apache.flume.sink.AbstractRpcSink.createConnection:205)  - Rpc sink k1: Building RpcClient with hostname: flume-tier2-1, port: 2018
20 Mar 2018 14:01:07,668 INFO  [SinkRunner-PollingRunner-DefaultSinkProcessor] (org.apache.flume.sink.AvroSink.initializeRpcClient:126)  - Attempting to create Avro Rpc client.
20 Mar 2018 14:01:07,669 WARN  [SinkRunner-PollingRunner-DefaultSinkProcessor] (org.apache.flume.api.NettyAvroRpcClient.configure:634)  - Using default maxIOWorkers
20 Mar 2018 14:01:07,672 INFO  [SinkRunner-PollingRunner-DefaultSinkProcessor] (org.apache.flume.sink.AbstractRpcSink.createConnection:205)  - Rpc sink k2: Building RpcClient with hostname: flume-tier2-2, port: 2018
20 Mar 2018 14:01:07,673 INFO  [SinkRunner-PollingRunner-DefaultSinkProcessor] (org.apache.flume.sink.AvroSink.initializeRpcClient:126)  - Attempting to create Avro Rpc client.
20 Mar 2018 14:01:07,674 WARN  [SinkRunner-PollingRunner-DefaultSinkProcessor] (org.apache.flume.api.NettyAvroRpcClient.configure:634)  - Using default maxIOWorkers
20 Mar 2018 14:01:07,693 ERROR [SinkRunner-PollingRunner-DefaultSinkProcessor] (org.apache.flume.SinkRunner$PollingRunner.run:158)  - Unable to deliver event. Exception follows.
org.apache.flume.EventDeliveryException: Failed to send events
	at org.apache.flume.sink.AbstractRpcSink.process(AbstractRpcSink.java:389)
	at org.apache.flume.sink.DefaultSinkProcessor.process(DefaultSinkProcessor.java:67)
	at org.apache.flume.SinkRunner$PollingRunner.run(SinkRunner.java:145)
	at java.lang.Thread.run(Thread.java:745)
Caused by: org.apache.flume.FlumeException: NettyAvroRpcClient { host: flume-tier2-1, port: 2018 }: RPC connection error
	at org.apache.flume.api.NettyAvroRpcClient.connect(NettyAvroRpcClient.java:181)
	at org.apache.flume.api.NettyAvroRpcClient.connect(NettyAvroRpcClient.java:120)
	at org.apache.flume.api.NettyAvroRpcClient.configure(NettyAvroRpcClient.java:638)
	at org.apache.flume.api.RpcClientFactory.getInstance(RpcClientFactory.java:90)
	at org.apache.flume.sink.AvroSink.initializeRpcClient(AvroSink.java:127)
	at org.apache.flume.sink.AbstractRpcSink.createConnection(AbstractRpcSink.java:210)
	at org.apache.flume.sink.AbstractRpcSink.verifyConnection(AbstractRpcSink.java:270)
	at org.apache.flume.sink.AbstractRpcSink.process(AbstractRpcSink.java:346)
	... 3 more
Caused by: java.io.IOException: Error connecting to flume-tier2-1/172.88.0.8:2018
	at org.apache.avro.ipc.NettyTransceiver.getChannel(NettyTransceiver.java:261)
	at org.apache.avro.ipc.NettyTransceiver.<init>(NettyTransceiver.java:203)
	at org.apache.avro.ipc.NettyTransceiver.<init>(NettyTransceiver.java:152)
	at org.apache.flume.api.NettyAvroRpcClient.connect(NettyAvroRpcClient.java:169)
	... 10 more
Caused by: java.net.ConnectException: Connection refused: flume-tier2-1/172.88.0.8:2018
	at sun.nio.ch.SocketChannelImpl.checkConnect(Native Method)
	at sun.nio.ch.SocketChannelImpl.finishConnect(SocketChannelImpl.java:717)
	at org.jboss.netty.channel.socket.nio.NioClientBoss.connect(NioClientBoss.java:152)
	at org.jboss.netty.channel.socket.nio.NioClientBoss.processSelectedKeys(NioClientBoss.java:105)
	at org.jboss.netty.channel.socket.nio.NioClientBoss.process(NioClientBoss.java:79)
	at org.jboss.netty.channel.socket.nio.AbstractNioSelector.run(AbstractNioSelector.java:318)
	at org.jboss.netty.channel.socket.nio.NioClientBoss.run(NioClientBoss.java:42)
	at org.jboss.netty.util.ThreadRenamingRunnable.run(ThreadRenamingRunnable.java:108)
	at org.jboss.netty.util.internal.DeadLockProofWorker$1.run(DeadLockProofWorker.java:42)
	at java.util.concurrent.ThreadPoolExecutor.runWorker(ThreadPoolExecutor.java:1142)
	at java.util.concurrent.ThreadPoolExecutor$Worker.run(ThreadPoolExecutor.java:617)
	... 1 more
20 Mar 2018 14:01:07,695 ERROR [SinkRunner-PollingRunner-DefaultSinkProcessor] (org.apache.flume.SinkRunner$PollingRunner.run:158)  - Unable to deliver event. Exception follows.
org.apache.flume.EventDeliveryException: Failed to send events
	at org.apache.flume.sink.AbstractRpcSink.process(AbstractRpcSink.java:389)
	at org.apache.flume.sink.DefaultSinkProcessor.process(DefaultSinkProcessor.java:67)
	at org.apache.flume.SinkRunner$PollingRunner.run(SinkRunner.java:145)
	at java.lang.Thread.run(Thread.java:745)
Caused by: org.apache.flume.FlumeException: NettyAvroRpcClient { host: flume-tier2-2, port: 2018 }: RPC connection error
	at org.apache.flume.api.NettyAvroRpcClient.connect(NettyAvroRpcClient.java:181)
	at org.apache.flume.api.NettyAvroRpcClient.connect(NettyAvroRpcClient.java:120)
	at org.apache.flume.api.NettyAvroRpcClient.configure(NettyAvroRpcClient.java:638)
	at org.apache.flume.api.RpcClientFactory.getInstance(RpcClientFactory.java:90)
	at org.apache.flume.sink.AvroSink.initializeRpcClient(AvroSink.java:127)
	at org.apache.flume.sink.AbstractRpcSink.createConnection(AbstractRpcSink.java:210)
	at org.apache.flume.sink.AbstractRpcSink.verifyConnection(AbstractRpcSink.java:270)
	at org.apache.flume.sink.AbstractRpcSink.process(AbstractRpcSink.java:346)
	... 3 more
Caused by: java.io.IOException: Error connecting to flume-tier2-2/172.88.0.9:2018
	at org.apache.avro.ipc.NettyTransceiver.getChannel(NettyTransceiver.java:261)
	at org.apache.avro.ipc.NettyTransceiver.<init>(NettyTransceiver.java:203)
	at org.apache.avro.ipc.NettyTransceiver.<init>(NettyTransceiver.java:152)
	at org.apache.flume.api.NettyAvroRpcClient.connect(NettyAvroRpcClient.java:169)
	... 10 more
Caused by: java.net.ConnectException: Connection refused: flume-tier2-2/172.88.0.9:2018
	at sun.nio.ch.SocketChannelImpl.checkConnect(Native Method)
	at sun.nio.ch.SocketChannelImpl.finishConnect(SocketChannelImpl.java:717)
	at org.jboss.netty.channel.socket.nio.NioClientBoss.connect(NioClientBoss.java:152)
	at org.jboss.netty.channel.socket.nio.NioClientBoss.processSelectedKeys(NioClientBoss.java:105)
	at org.jboss.netty.channel.socket.nio.NioClientBoss.process(NioClientBoss.java:79)
	at org.jboss.netty.channel.socket.nio.AbstractNioSelector.run(AbstractNioSelector.java:318)
	at org.jboss.netty.channel.socket.nio.NioClientBoss.run(NioClientBoss.java:42)
	at org.jboss.netty.util.ThreadRenamingRunnable.run(ThreadRenamingRunnable.java:108)
	at org.jboss.netty.util.internal.DeadLockProofWorker$1.run(DeadLockProofWorker.java:42)
	at java.util.concurrent.ThreadPoolExecutor.runWorker(ThreadPoolExecutor.java:1142)
	at java.util.concurrent.ThreadPoolExecutor$Worker.run(ThreadPoolExecutor.java:617)
	... 1 more
20 Mar 2018 14:01:12,696 INFO  [SinkRunner-PollingRunner-DefaultSinkProcessor] (org.apache.flume.sink.AbstractRpcSink.createConnection:205)  - Rpc sink k1: Building RpcClient with hostname: flume-tier2-1, port: 2018
20 Mar 2018 14:01:12,697 INFO  [SinkRunner-PollingRunner-DefaultSinkProcessor] (org.apache.flume.sink.AvroSink.initializeRpcClient:126)  - Attempting to create Avro Rpc client.
20 Mar 2018 14:01:12,698 WARN  [SinkRunner-PollingRunner-DefaultSinkProcessor] (org.apache.flume.api.NettyAvroRpcClient.configure:634)  - Using default maxIOWorkers
20 Mar 2018 14:01:12,699 INFO  [SinkRunner-PollingRunner-DefaultSinkProcessor] (org.apache.flume.sink.AbstractRpcSink.createConnection:205)  - Rpc sink k2: Building RpcClient with hostname: flume-tier2-2, port: 2018
20 Mar 2018 14:01:12,699 INFO  [SinkRunner-PollingRunner-DefaultSinkProcessor] (org.apache.flume.sink.AvroSink.initializeRpcClient:126)  - Attempting to create Avro Rpc client.
20 Mar 2018 14:01:12,700 WARN  [SinkRunner-PollingRunner-DefaultSinkProcessor] (org.apache.flume.api.NettyAvroRpcClient.configure:634)  - Using default maxIOWorkers
20 Mar 2018 14:01:12,721 ERROR [SinkRunner-PollingRunner-DefaultSinkProcessor] (org.apache.flume.SinkRunner$PollingRunner.run:158)  - Unable to deliver event. Exception follows.
org.apache.flume.EventDeliveryException: Failed to send events
	at org.apache.flume.sink.AbstractRpcSink.process(AbstractRpcSink.java:389)
	at org.apache.flume.sink.DefaultSinkProcessor.process(DefaultSinkProcessor.java:67)
	at org.apache.flume.SinkRunner$PollingRunner.run(SinkRunner.java:145)
	at java.lang.Thread.run(Thread.java:745)
Caused by: org.apache.flume.FlumeException: NettyAvroRpcClient { host: flume-tier2-1, port: 2018 }: RPC connection error
	at org.apache.flume.api.NettyAvroRpcClient.connect(NettyAvroRpcClient.java:181)
	at org.apache.flume.api.NettyAvroRpcClient.connect(NettyAvroRpcClient.java:120)
	at org.apache.flume.api.NettyAvroRpcClient.configure(NettyAvroRpcClient.java:638)
	at org.apache.flume.api.RpcClientFactory.getInstance(RpcClientFactory.java:90)
	at org.apache.flume.sink.AvroSink.initializeRpcClient(AvroSink.java:127)
	at org.apache.flume.sink.AbstractRpcSink.createConnection(AbstractRpcSink.java:210)
	at org.apache.flume.sink.AbstractRpcSink.verifyConnection(AbstractRpcSink.java:270)
	at org.apache.flume.sink.AbstractRpcSink.process(AbstractRpcSink.java:346)
	... 3 more
Caused by: java.io.IOException: Error connecting to flume-tier2-1/172.88.0.8:2018
	at org.apache.avro.ipc.NettyTransceiver.getChannel(NettyTransceiver.java:261)
	at org.apache.avro.ipc.NettyTransceiver.<init>(NettyTransceiver.java:203)
	at org.apache.avro.ipc.NettyTransceiver.<init>(NettyTransceiver.java:152)
	at org.apache.flume.api.NettyAvroRpcClient.connect(NettyAvroRpcClient.java:169)
	... 10 more
Caused by: java.net.ConnectException: Connection refused: flume-tier2-1/172.88.0.8:2018
	at sun.nio.ch.SocketChannelImpl.checkConnect(Native Method)
	at sun.nio.ch.SocketChannelImpl.finishConnect(SocketChannelImpl.java:717)
	at org.jboss.netty.channel.socket.nio.NioClientBoss.connect(NioClientBoss.java:152)
	at org.jboss.netty.channel.socket.nio.NioClientBoss.processSelectedKeys(NioClientBoss.java:105)
	at org.jboss.netty.channel.socket.nio.NioClientBoss.process(NioClientBoss.java:79)
	at org.jboss.netty.channel.socket.nio.AbstractNioSelector.run(AbstractNioSelector.java:318)
	at org.jboss.netty.channel.socket.nio.NioClientBoss.run(NioClientBoss.java:42)
	at org.jboss.netty.util.ThreadRenamingRunnable.run(ThreadRenamingRunnable.java:108)
	at org.jboss.netty.util.internal.DeadLockProofWorker$1.run(DeadLockProofWorker.java:42)
	at java.util.concurrent.ThreadPoolExecutor.runWorker(ThreadPoolExecutor.java:1142)
	at java.util.concurrent.ThreadPoolExecutor$Worker.run(ThreadPoolExecutor.java:617)
	... 1 more
20 Mar 2018 14:01:12,725 ERROR [SinkRunner-PollingRunner-DefaultSinkProcessor] (org.apache.flume.SinkRunner$PollingRunner.run:158)  - Unable to deliver event. Exception follows.
org.apache.flume.EventDeliveryException: Failed to send events
	at org.apache.flume.sink.AbstractRpcSink.process(AbstractRpcSink.java:389)
	at org.apache.flume.sink.DefaultSinkProcessor.process(DefaultSinkProcessor.java:67)
	at org.apache.flume.SinkRunner$PollingRunner.run(SinkRunner.java:145)
	at java.lang.Thread.run(Thread.java:745)
Caused by: org.apache.flume.FlumeException: NettyAvroRpcClient { host: flume-tier2-2, port: 2018 }: RPC connection error
	at org.apache.flume.api.NettyAvroRpcClient.connect(NettyAvroRpcClient.java:181)
	at org.apache.flume.api.NettyAvroRpcClient.connect(NettyAvroRpcClient.java:120)
	at org.apache.flume.api.NettyAvroRpcClient.configure(NettyAvroRpcClient.java:638)
	at org.apache.flume.api.RpcClientFactory.getInstance(RpcClientFactory.java:90)
	at org.apache.flume.sink.AvroSink.initializeRpcClient(AvroSink.java:127)
	at org.apache.flume.sink.AbstractRpcSink.createConnection(AbstractRpcSink.java:210)
	at org.apache.flume.sink.AbstractRpcSink.verifyConnection(AbstractRpcSink.java:270)
	at org.apache.flume.sink.AbstractRpcSink.process(AbstractRpcSink.java:346)
	... 3 more
Caused by: java.io.IOException: Error connecting to flume-tier2-2/172.88.0.9:2018
	at org.apache.avro.ipc.NettyTransceiver.getChannel(NettyTransceiver.java:261)
	at org.apache.avro.ipc.NettyTransceiver.<init>(NettyTransceiver.java:203)
	at org.apache.avro.ipc.NettyTransceiver.<init>(NettyTransceiver.java:152)
	at org.apache.flume.api.NettyAvroRpcClient.connect(NettyAvroRpcClient.java:169)
	... 10 more
Caused by: java.net.ConnectException: Connection refused: flume-tier2-2/172.88.0.9:2018
	at sun.nio.ch.SocketChannelImpl.checkConnect(Native Method)
	at sun.nio.ch.SocketChannelImpl.finishConnect(SocketChannelImpl.java:717)
	at org.jboss.netty.channel.socket.nio.NioClientBoss.connect(NioClientBoss.java:152)
	at org.jboss.netty.channel.socket.nio.NioClientBoss.processSelectedKeys(NioClientBoss.java:105)
	at org.jboss.netty.channel.socket.nio.NioClientBoss.process(NioClientBoss.java:79)
	at org.jboss.netty.channel.socket.nio.AbstractNioSelector.run(AbstractNioSelector.java:318)
	at org.jboss.netty.channel.socket.nio.NioClientBoss.run(NioClientBoss.java:42)
	at org.jboss.netty.util.ThreadRenamingRunnable.run(ThreadRenamingRunnable.java:108)
	at org.jboss.netty.util.internal.DeadLockProofWorker$1.run(DeadLockProofWorker.java:42)
	at java.util.concurrent.ThreadPoolExecutor.runWorker(ThreadPoolExecutor.java:1142)
	at java.util.concurrent.ThreadPoolExecutor$Worker.run(ThreadPoolExecutor.java:617)
	... 1 more
20 Mar 2018 14:01:14,707 INFO  [agent-shutdown-hook] (org.apache.flume.lifecycle.LifecycleSupervisor.stop:78)  - Stopping lifecycle supervisor 11
20 Mar 2018 14:01:14,713 INFO  [agent-shutdown-hook] (org.apache.flume.sink.AbstractRpcSink.stop:306)  - Rpc sink k1 stopping...
20 Mar 2018 14:01:14,714 INFO  [agent-shutdown-hook] (org.apache.flume.instrumentation.MonitoredCounterGroup.stop:149)  - Component type: SINK, name: k1 stopped
20 Mar 2018 14:01:14,715 INFO  [agent-shutdown-hook] (org.apache.flume.instrumentation.MonitoredCounterGroup.stop:155)  - Shutdown Metric for type: SINK, name: k1. sink.start.time == 1521554457103
20 Mar 2018 14:01:14,715 INFO  [agent-shutdown-hook] (org.apache.flume.instrumentation.MonitoredCounterGroup.stop:161)  - Shutdown Metric for type: SINK, name: k1. sink.stop.time == 1521554474714
20 Mar 2018 14:01:14,715 INFO  [agent-shutdown-hook] (org.apache.flume.instrumentation.MonitoredCounterGroup.stop:177)  - Shutdown Metric for type: SINK, name: k1. sink.batch.complete == 0
20 Mar 2018 14:01:14,716 INFO  [agent-shutdown-hook] (org.apache.flume.instrumentation.MonitoredCounterGroup.stop:177)  - Shutdown Metric for type: SINK, name: k1. sink.batch.empty == 0
20 Mar 2018 14:01:14,716 INFO  [agent-shutdown-hook] (org.apache.flume.instrumentation.MonitoredCounterGroup.stop:177)  - Shutdown Metric for type: SINK, name: k1. sink.batch.underflow == 0
20 Mar 2018 14:01:14,716 INFO  [agent-shutdown-hook] (org.apache.flume.instrumentation.MonitoredCounterGroup.stop:177)  - Shutdown Metric for type: SINK, name: k1. sink.connection.closed.count == 0
20 Mar 2018 14:01:14,717 INFO  [agent-shutdown-hook] (org.apache.flume.instrumentation.MonitoredCounterGroup.stop:177)  - Shutdown Metric for type: SINK, name: k1. sink.connection.creation.count == 0
20 Mar 2018 14:01:14,717 INFO  [agent-shutdown-hook] (org.apache.flume.instrumentation.MonitoredCounterGroup.stop:177)  - Shutdown Metric for type: SINK, name: k1. sink.connection.failed.count == 5
20 Mar 2018 14:01:14,718 INFO  [agent-shutdown-hook] (org.apache.flume.instrumentation.MonitoredCounterGroup.stop:177)  - Shutdown Metric for type: SINK, name: k1. sink.event.drain.attempt == 0
20 Mar 2018 14:01:14,718 INFO  [agent-shutdown-hook] (org.apache.flume.instrumentation.MonitoredCounterGroup.stop:177)  - Shutdown Metric for type: SINK, name: k1. sink.event.drain.sucess == 0
20 Mar 2018 14:01:14,719 INFO  [agent-shutdown-hook] (org.apache.flume.sink.AbstractRpcSink.stop:320)  - Rpc sink k1 stopped. Metrics: SINK:k1{sink.batch.underflow=0, sink.connection.failed.count=5, sink.connection.closed.count=0, sink.event.drain.attempt=0, sink.batch.complete=0, sink.event.drain.sucess=0, sink.connection.creation.count=0, sink.batch.empty=0}
20 Mar 2018 14:01:14,719 INFO  [agent-shutdown-hook] (org.apache.flume.node.PollingPropertiesFileConfigurationProvider.stop:84)  - Configuration provider stopping
20 Mar 2018 14:01:14,720 INFO  [agent-shutdown-hook] (org.apache.flume.instrumentation.MonitoredCounterGroup.stop:149)  - Component type: CHANNEL, name: c1 stopped
20 Mar 2018 14:01:14,721 INFO  [agent-shutdown-hook] (org.apache.flume.instrumentation.MonitoredCounterGroup.stop:155)  - Shutdown Metric for type: CHANNEL, name: c1. channel.start.time == 1521554457098
20 Mar 2018 14:01:14,732 INFO  [agent-shutdown-hook] (org.apache.flume.instrumentation.MonitoredCounterGroup.stop:161)  - Shutdown Metric for type: CHANNEL, name: c1. channel.stop.time == 1521554474720
20 Mar 2018 14:01:14,733 INFO  [agent-shutdown-hook] (org.apache.flume.instrumentation.MonitoredCounterGroup.stop:177)  - Shutdown Metric for type: CHANNEL, name: c1. channel.capacity == 1000
20 Mar 2018 14:01:14,733 INFO  [agent-shutdown-hook] (org.apache.flume.instrumentation.MonitoredCounterGroup.stop:177)  - Shutdown Metric for type: CHANNEL, name: c1. channel.current.size == 0
20 Mar 2018 14:01:14,733 INFO  [agent-shutdown-hook] (org.apache.flume.instrumentation.MonitoredCounterGroup.stop:177)  - Shutdown Metric for type: CHANNEL, name: c1. channel.event.put.attempt == 0
20 Mar 2018 14:01:14,734 INFO  [agent-shutdown-hook] (org.apache.flume.instrumentation.MonitoredCounterGroup.stop:177)  - Shutdown Metric for type: CHANNEL, name: c1. channel.event.put.success == 0
20 Mar 2018 14:01:14,734 INFO  [agent-shutdown-hook] (org.apache.flume.instrumentation.MonitoredCounterGroup.stop:177)  - Shutdown Metric for type: CHANNEL, name: c1. channel.event.take.attempt == 0
20 Mar 2018 14:01:14,734 INFO  [agent-shutdown-hook] (org.apache.flume.instrumentation.MonitoredCounterGroup.stop:177)  - Shutdown Metric for type: CHANNEL, name: c1. channel.event.take.success == 0
20 Mar 2018 14:01:14,734 INFO  [agent-shutdown-hook] (org.apache.flume.source.SyslogUDPSource.stop:132)  - Syslog UDP Source stopping...
20 Mar 2018 14:01:14,735 INFO  [agent-shutdown-hook] (org.apache.flume.source.SyslogUDPSource.stop:133)  - Metrics: SOURCE:r1{src.events.accepted=0, src.open-connection.count=0, src.append.received=0, src.append-batch.received=0, src.append-batch.accepted=0, src.append.accepted=0, src.events.received=0}
20 Mar 2018 14:01:14,737 INFO  [agent-shutdown-hook] (org.apache.flume.instrumentation.MonitoredCounterGroup.stop:149)  - Component type: SOURCE, name: r1 stopped
20 Mar 2018 14:01:14,738 INFO  [agent-shutdown-hook] (org.apache.flume.instrumentation.MonitoredCounterGroup.stop:155)  - Shutdown Metric for type: SOURCE, name: r1. source.start.time == 1521554457227
20 Mar 2018 14:01:14,738 INFO  [agent-shutdown-hook] (org.apache.flume.instrumentation.MonitoredCounterGroup.stop:161)  - Shutdown Metric for type: SOURCE, name: r1. source.stop.time == 1521554474737
20 Mar 2018 14:01:14,739 INFO  [agent-shutdown-hook] (org.apache.flume.instrumentation.MonitoredCounterGroup.stop:177)  - Shutdown Metric for type: SOURCE, name: r1. src.append-batch.accepted == 0
20 Mar 2018 14:01:14,739 INFO  [agent-shutdown-hook] (org.apache.flume.instrumentation.MonitoredCounterGroup.stop:177)  - Shutdown Metric for type: SOURCE, name: r1. src.append-batch.received == 0
20 Mar 2018 14:01:14,739 INFO  [agent-shutdown-hook] (org.apache.flume.instrumentation.MonitoredCounterGroup.stop:177)  - Shutdown Metric for type: SOURCE, name: r1. src.append.accepted == 0
20 Mar 2018 14:01:14,739 INFO  [agent-shutdown-hook] (org.apache.flume.instrumentation.MonitoredCounterGroup.stop:177)  - Shutdown Metric for type: SOURCE, name: r1. src.append.received == 0
20 Mar 2018 14:01:14,739 INFO  [agent-shutdown-hook] (org.apache.flume.instrumentation.MonitoredCounterGroup.stop:177)  - Shutdown Metric for type: SOURCE, name: r1. src.events.accepted == 0
20 Mar 2018 14:01:14,740 INFO  [agent-shutdown-hook] (org.apache.flume.instrumentation.MonitoredCounterGroup.stop:177)  - Shutdown Metric for type: SOURCE, name: r1. src.events.received == 0
20 Mar 2018 14:01:14,740 INFO  [agent-shutdown-hook] (org.apache.flume.instrumentation.MonitoredCounterGroup.stop:177)  - Shutdown Metric for type: SOURCE, name: r1. src.open-connection.count == 0
20 Mar 2018 14:01:14,741 INFO  [agent-shutdown-hook] (org.apache.flume.sink.AbstractRpcSink.stop:306)  - Rpc sink k2 stopping...
20 Mar 2018 14:01:14,741 INFO  [agent-shutdown-hook] (org.apache.flume.instrumentation.MonitoredCounterGroup.stop:149)  - Component type: SINK, name: k2 stopped
20 Mar 2018 14:01:14,742 INFO  [agent-shutdown-hook] (org.apache.flume.instrumentation.MonitoredCounterGroup.stop:155)  - Shutdown Metric for type: SINK, name: k2. sink.start.time == 1521554457106
20 Mar 2018 14:01:14,742 INFO  [agent-shutdown-hook] (org.apache.flume.instrumentation.MonitoredCounterGroup.stop:161)  - Shutdown Metric for type: SINK, name: k2. sink.stop.time == 1521554474741
20 Mar 2018 14:01:14,742 INFO  [agent-shutdown-hook] (org.apache.flume.instrumentation.MonitoredCounterGroup.stop:177)  - Shutdown Metric for type: SINK, name: k2. sink.batch.complete == 0
20 Mar 2018 14:01:14,742 INFO  [agent-shutdown-hook] (org.apache.flume.instrumentation.MonitoredCounterGroup.stop:177)  - Shutdown Metric for type: SINK, name: k2. sink.batch.empty == 0
20 Mar 2018 14:01:14,743 INFO  [agent-shutdown-hook] (org.apache.flume.instrumentation.MonitoredCounterGroup.stop:177)  - Shutdown Metric for type: SINK, name: k2. sink.batch.underflow == 0
20 Mar 2018 14:01:14,743 INFO  [agent-shutdown-hook] (org.apache.flume.instrumentation.MonitoredCounterGroup.stop:177)  - Shutdown Metric for type: SINK, name: k2. sink.connection.closed.count == 0
20 Mar 2018 14:01:14,743 INFO  [agent-shutdown-hook] (org.apache.flume.instrumentation.MonitoredCounterGroup.stop:177)  - Shutdown Metric for type: SINK, name: k2. sink.connection.creation.count == 0
20 Mar 2018 14:01:14,744 INFO  [agent-shutdown-hook] (org.apache.flume.instrumentation.MonitoredCounterGroup.stop:177)  - Shutdown Metric for type: SINK, name: k2. sink.connection.failed.count == 5
20 Mar 2018 14:01:14,744 INFO  [agent-shutdown-hook] (org.apache.flume.instrumentation.MonitoredCounterGroup.stop:177)  - Shutdown Metric for type: SINK, name: k2. sink.event.drain.attempt == 0
20 Mar 2018 14:01:14,744 INFO  [agent-shutdown-hook] (org.apache.flume.instrumentation.MonitoredCounterGroup.stop:177)  - Shutdown Metric for type: SINK, name: k2. sink.event.drain.sucess == 0
20 Mar 2018 14:01:14,745 INFO  [agent-shutdown-hook] (org.apache.flume.sink.AbstractRpcSink.stop:320)  - Rpc sink k2 stopped. Metrics: SINK:k2{sink.batch.underflow=0, sink.connection.failed.count=5, sink.connection.closed.count=0, sink.event.drain.attempt=0, sink.batch.complete=0, sink.event.drain.sucess=0, sink.connection.creation.count=0, sink.batch.empty=0}
